<?xml version="1.0" encoding="UTF-8"?>
<testsuite xmlns:xsi="http://www.w3.org/2001/XMLSchema-instance" xsi:noNamespaceSchemaLocation="https://maven.apache.org/surefire/maven-surefire-plugin/xsd/surefire-test-report-3.0.xsd" version="3.0" name="TestSuite" time="22.11" tests="1" errors="0" skipped="0" failures="0">
  <properties>
    <property name="sun.desktop" value="windows"/>
    <property name="awt.toolkit" value="sun.awt.windows.WToolkit"/>
    <property name="java.specification.version" value="11"/>
    <property name="webdriver.chrome.driver" value=".//src//main//resources//webdrivers//chromedriver.exe"/>
    <property name="sun.cpu.isalist" value="amd64"/>
    <property name="sun.jnu.encoding" value="Cp1252"/>
    <property name="java.class.path" value="C:\Users\olegs\automationFramework\target\test-classes;C:\Users\olegs\automationFramework\target\classes;C:\Users\olegs\.m2\repository\org\seleniumhq\selenium\selenium-java\3.141.59\selenium-java-3.141.59.jar;C:\Users\olegs\.m2\repository\org\seleniumhq\selenium\selenium-api\3.141.59\selenium-api-3.141.59.jar;C:\Users\olegs\.m2\repository\org\seleniumhq\selenium\selenium-chrome-driver\3.141.59\selenium-chrome-driver-3.141.59.jar;C:\Users\olegs\.m2\repository\org\seleniumhq\selenium\selenium-edge-driver\3.141.59\selenium-edge-driver-3.141.59.jar;C:\Users\olegs\.m2\repository\org\seleniumhq\selenium\selenium-firefox-driver\3.141.59\selenium-firefox-driver-3.141.59.jar;C:\Users\olegs\.m2\repository\org\seleniumhq\selenium\selenium-ie-driver\3.141.59\selenium-ie-driver-3.141.59.jar;C:\Users\olegs\.m2\repository\org\seleniumhq\selenium\selenium-opera-driver\3.141.59\selenium-opera-driver-3.141.59.jar;C:\Users\olegs\.m2\repository\org\seleniumhq\selenium\selenium-remote-driver\3.141.59\selenium-remote-driver-3.141.59.jar;C:\Users\olegs\.m2\repository\org\seleniumhq\selenium\selenium-safari-driver\3.141.59\selenium-safari-driver-3.141.59.jar;C:\Users\olegs\.m2\repository\org\seleniumhq\selenium\selenium-support\3.141.59\selenium-support-3.141.59.jar;C:\Users\olegs\.m2\repository\net\bytebuddy\byte-buddy\1.8.15\byte-buddy-1.8.15.jar;C:\Users\olegs\.m2\repository\org\apache\commons\commons-exec\1.3\commons-exec-1.3.jar;C:\Users\olegs\.m2\repository\com\google\guava\guava\25.0-jre\guava-25.0-jre.jar;C:\Users\olegs\.m2\repository\com\google\code\findbugs\jsr305\1.3.9\jsr305-1.3.9.jar;C:\Users\olegs\.m2\repository\org\checkerframework\checker-compat-qual\2.0.0\checker-compat-qual-2.0.0.jar;C:\Users\olegs\.m2\repository\com\google\errorprone\error_prone_annotations\2.1.3\error_prone_annotations-2.1.3.jar;C:\Users\olegs\.m2\repository\com\google\j2objc\j2objc-annotations\1.1\j2objc-annotations-1.1.jar;C:\Users\olegs\.m2\repository\org\codehaus\mojo\animal-sniffer-annotations\1.14\animal-sniffer-annotations-1.14.jar;C:\Users\olegs\.m2\repository\com\squareup\okhttp3\okhttp\3.11.0\okhttp-3.11.0.jar;C:\Users\olegs\.m2\repository\com\squareup\okio\okio\1.14.0\okio-1.14.0.jar;C:\Users\olegs\.m2\repository\org\testng\testng\7.3.0\testng-7.3.0.jar;C:\Users\olegs\.m2\repository\com\beust\jcommander\1.78\jcommander-1.78.jar;C:\Users\olegs\.m2\repository\org\apache\ant\ant\1.10.3\ant-1.10.3.jar;C:\Users\olegs\.m2\repository\org\apache\ant\ant-launcher\1.10.3\ant-launcher-1.10.3.jar;C:\Users\olegs\.m2\repository\junit\junit\4.12\junit-4.12.jar;C:\Users\olegs\.m2\repository\org\hamcrest\hamcrest-core\1.3\hamcrest-core-1.3.jar;C:\Users\olegs\.m2\repository\com\google\inject\guice\4.2.2\guice-4.2.2-no_aop.jar;C:\Users\olegs\.m2\repository\javax\inject\javax.inject\1\javax.inject-1.jar;C:\Users\olegs\.m2\repository\aopalliance\aopalliance\1.0\aopalliance-1.0.jar;C:\Users\olegs\.m2\repository\org\yaml\snakeyaml\1.21\snakeyaml-1.21.jar;C:\Users\olegs\.m2\repository\org\apache\logging\log4j\log4j-core\2.13.3\log4j-core-2.13.3.jar;C:\Users\olegs\.m2\repository\org\apache\logging\log4j\log4j-api\2.13.3\log4j-api-2.13.3.jar;C:\Users\olegs\.m2\repository\commons-io\commons-io\2.8.0\commons-io-2.8.0.jar;C:\Users\olegs\.m2\repository\com\aventstack\extentreports\5.0.4\extentreports-5.0.4.jar;C:\Users\olegs\.m2\repository\io\reactivex\rxjava3\rxjava\3.0.4\rxjava-3.0.4.jar;C:\Users\olegs\.m2\repository\org\reactivestreams\reactive-streams\1.0.3\reactive-streams-1.0.3.jar;C:\Users\olegs\.m2\repository\org\freemarker\freemarker\2.3.30\freemarker-2.3.30.jar;C:\Users\olegs\.m2\repository\org\projectlombok\lombok\1.18.12\lombok-1.18.12.jar;C:\Users\olegs\.m2\repository\com\google\code\gson\gson\2.8.6\gson-2.8.6.jar;C:\Users\olegs\.m2\repository\io\cucumber\cucumber-java\6.8.2\cucumber-java-6.8.2.jar;C:\Users\olegs\.m2\repository\io\cucumber\cucumber-core\6.8.2\cucumber-core-6.8.2.jar;C:\Users\olegs\.m2\repository\io\cucumber\cucumber-gherkin\6.8.2\cucumber-gherkin-6.8.2.jar;C:\Users\olegs\.m2\repository\io\cucumber\cucumber-gherkin-messages\6.8.2\cucumber-gherkin-messages-6.8.2.jar;C:\Users\olegs\.m2\repository\io\cucumber\tag-expressions\3.0.0\tag-expressions-3.0.0.jar;C:\Users\olegs\.m2\repository\io\cucumber\cucumber-expressions\10.3.0\cucumber-expressions-10.3.0.jar;C:\Users\olegs\.m2\repository\io\cucumber\datatable\3.5.0\datatable-3.5.0.jar;C:\Users\olegs\.m2\repository\io\cucumber\cucumber-plugin\6.8.2\cucumber-plugin-6.8.2.jar;C:\Users\olegs\.m2\repository\io\cucumber\docstring\6.8.2\docstring-6.8.2.jar;C:\Users\olegs\.m2\repository\io\cucumber\html-formatter\9.0.0\html-formatter-9.0.0.jar;C:\Users\olegs\.m2\repository\io\cucumber\create-meta\2.0.4\create-meta-2.0.4.jar;C:\Users\olegs\.m2\repository\org\apiguardian\apiguardian-api\1.1.0\apiguardian-api-1.1.0.jar;C:\Users\olegs\.m2\repository\io\cucumber\cucumber-junit\6.8.2\cucumber-junit-6.8.2.jar;C:\Users\olegs\.m2\repository\io\cucumber\gherkin\15.0.2\gherkin-15.0.2.jar;C:\Users\olegs\.m2\repository\io\cucumber\messages\13.1.0\messages-13.1.0.jar;C:\Users\olegs\.m2\repository\io\cucumber\cucumber-testng\6.8.2\cucumber-testng-6.8.2.jar;"/>
    <property name="java.vm.vendor" value="AdoptOpenJDK"/>
    <property name="sun.arch.data.model" value="64"/>
    <property name="user.variant" value=""/>
    <property name="java.vendor.url" value="https://adoptopenjdk.net/"/>
    <property name="user.timezone" value="EET"/>
    <property name="java.vm.specification.version" value="11"/>
    <property name="os.name" value="Windows 10"/>
    <property name="sun.java.launcher" value="SUN_STANDARD"/>
    <property name="user.country" value="RU"/>
    <property name="sun.boot.library.path" value="C:\Program Files\AdoptOpenJDK\jdk-11.0.8.10-hotspot\bin"/>
    <property name="sun.java.command" value="C:\Users\olegs\AppData\Local\Temp\surefire5551064528638479668\surefirebooter1088570385790577664.jar C:\Users\olegs\AppData\Local\Temp\surefire5551064528638479668 2020-11-05T10-40-00_262-jvmRun1 surefire1412420408373332438tmp surefire_01645388817827127819tmp"/>
    <property name="jdk.debug" value="release"/>
    <property name="surefire.test.class.path" value="C:\Users\olegs\automationFramework\target\test-classes;C:\Users\olegs\automationFramework\target\classes;C:\Users\olegs\.m2\repository\org\seleniumhq\selenium\selenium-java\3.141.59\selenium-java-3.141.59.jar;C:\Users\olegs\.m2\repository\org\seleniumhq\selenium\selenium-api\3.141.59\selenium-api-3.141.59.jar;C:\Users\olegs\.m2\repository\org\seleniumhq\selenium\selenium-chrome-driver\3.141.59\selenium-chrome-driver-3.141.59.jar;C:\Users\olegs\.m2\repository\org\seleniumhq\selenium\selenium-edge-driver\3.141.59\selenium-edge-driver-3.141.59.jar;C:\Users\olegs\.m2\repository\org\seleniumhq\selenium\selenium-firefox-driver\3.141.59\selenium-firefox-driver-3.141.59.jar;C:\Users\olegs\.m2\repository\org\seleniumhq\selenium\selenium-ie-driver\3.141.59\selenium-ie-driver-3.141.59.jar;C:\Users\olegs\.m2\repository\org\seleniumhq\selenium\selenium-opera-driver\3.141.59\selenium-opera-driver-3.141.59.jar;C:\Users\olegs\.m2\repository\org\seleniumhq\selenium\selenium-remote-driver\3.141.59\selenium-remote-driver-3.141.59.jar;C:\Users\olegs\.m2\repository\org\seleniumhq\selenium\selenium-safari-driver\3.141.59\selenium-safari-driver-3.141.59.jar;C:\Users\olegs\.m2\repository\org\seleniumhq\selenium\selenium-support\3.141.59\selenium-support-3.141.59.jar;C:\Users\olegs\.m2\repository\net\bytebuddy\byte-buddy\1.8.15\byte-buddy-1.8.15.jar;C:\Users\olegs\.m2\repository\org\apache\commons\commons-exec\1.3\commons-exec-1.3.jar;C:\Users\olegs\.m2\repository\com\google\guava\guava\25.0-jre\guava-25.0-jre.jar;C:\Users\olegs\.m2\repository\com\google\code\findbugs\jsr305\1.3.9\jsr305-1.3.9.jar;C:\Users\olegs\.m2\repository\org\checkerframework\checker-compat-qual\2.0.0\checker-compat-qual-2.0.0.jar;C:\Users\olegs\.m2\repository\com\google\errorprone\error_prone_annotations\2.1.3\error_prone_annotations-2.1.3.jar;C:\Users\olegs\.m2\repository\com\google\j2objc\j2objc-annotations\1.1\j2objc-annotations-1.1.jar;C:\Users\olegs\.m2\repository\org\codehaus\mojo\animal-sniffer-annotations\1.14\animal-sniffer-annotations-1.14.jar;C:\Users\olegs\.m2\repository\com\squareup\okhttp3\okhttp\3.11.0\okhttp-3.11.0.jar;C:\Users\olegs\.m2\repository\com\squareup\okio\okio\1.14.0\okio-1.14.0.jar;C:\Users\olegs\.m2\repository\org\testng\testng\7.3.0\testng-7.3.0.jar;C:\Users\olegs\.m2\repository\com\beust\jcommander\1.78\jcommander-1.78.jar;C:\Users\olegs\.m2\repository\org\apache\ant\ant\1.10.3\ant-1.10.3.jar;C:\Users\olegs\.m2\repository\org\apache\ant\ant-launcher\1.10.3\ant-launcher-1.10.3.jar;C:\Users\olegs\.m2\repository\junit\junit\4.12\junit-4.12.jar;C:\Users\olegs\.m2\repository\org\hamcrest\hamcrest-core\1.3\hamcrest-core-1.3.jar;C:\Users\olegs\.m2\repository\com\google\inject\guice\4.2.2\guice-4.2.2-no_aop.jar;C:\Users\olegs\.m2\repository\javax\inject\javax.inject\1\javax.inject-1.jar;C:\Users\olegs\.m2\repository\aopalliance\aopalliance\1.0\aopalliance-1.0.jar;C:\Users\olegs\.m2\repository\org\yaml\snakeyaml\1.21\snakeyaml-1.21.jar;C:\Users\olegs\.m2\repository\org\apache\logging\log4j\log4j-core\2.13.3\log4j-core-2.13.3.jar;C:\Users\olegs\.m2\repository\org\apache\logging\log4j\log4j-api\2.13.3\log4j-api-2.13.3.jar;C:\Users\olegs\.m2\repository\commons-io\commons-io\2.8.0\commons-io-2.8.0.jar;C:\Users\olegs\.m2\repository\com\aventstack\extentreports\5.0.4\extentreports-5.0.4.jar;C:\Users\olegs\.m2\repository\io\reactivex\rxjava3\rxjava\3.0.4\rxjava-3.0.4.jar;C:\Users\olegs\.m2\repository\org\reactivestreams\reactive-streams\1.0.3\reactive-streams-1.0.3.jar;C:\Users\olegs\.m2\repository\org\freemarker\freemarker\2.3.30\freemarker-2.3.30.jar;C:\Users\olegs\.m2\repository\org\projectlombok\lombok\1.18.12\lombok-1.18.12.jar;C:\Users\olegs\.m2\repository\com\google\code\gson\gson\2.8.6\gson-2.8.6.jar;C:\Users\olegs\.m2\repository\io\cucumber\cucumber-java\6.8.2\cucumber-java-6.8.2.jar;C:\Users\olegs\.m2\repository\io\cucumber\cucumber-core\6.8.2\cucumber-core-6.8.2.jar;C:\Users\olegs\.m2\repository\io\cucumber\cucumber-gherkin\6.8.2\cucumber-gherkin-6.8.2.jar;C:\Users\olegs\.m2\repository\io\cucumber\cucumber-gherkin-messages\6.8.2\cucumber-gherkin-messages-6.8.2.jar;C:\Users\olegs\.m2\repository\io\cucumber\tag-expressions\3.0.0\tag-expressions-3.0.0.jar;C:\Users\olegs\.m2\repository\io\cucumber\cucumber-expressions\10.3.0\cucumber-expressions-10.3.0.jar;C:\Users\olegs\.m2\repository\io\cucumber\datatable\3.5.0\datatable-3.5.0.jar;C:\Users\olegs\.m2\repository\io\cucumber\cucumber-plugin\6.8.2\cucumber-plugin-6.8.2.jar;C:\Users\olegs\.m2\repository\io\cucumber\docstring\6.8.2\docstring-6.8.2.jar;C:\Users\olegs\.m2\repository\io\cucumber\html-formatter\9.0.0\html-formatter-9.0.0.jar;C:\Users\olegs\.m2\repository\io\cucumber\create-meta\2.0.4\create-meta-2.0.4.jar;C:\Users\olegs\.m2\repository\org\apiguardian\apiguardian-api\1.1.0\apiguardian-api-1.1.0.jar;C:\Users\olegs\.m2\repository\io\cucumber\cucumber-junit\6.8.2\cucumber-junit-6.8.2.jar;C:\Users\olegs\.m2\repository\io\cucumber\gherkin\15.0.2\gherkin-15.0.2.jar;C:\Users\olegs\.m2\repository\io\cucumber\messages\13.1.0\messages-13.1.0.jar;C:\Users\olegs\.m2\repository\io\cucumber\cucumber-testng\6.8.2\cucumber-testng-6.8.2.jar;"/>
    <property name="sun.cpu.endian" value="little"/>
    <property name="user.home" value="C:\Users\olegs"/>
    <property name="user.language" value="ru"/>
    <property name="java.specification.vendor" value="Oracle Corporation"/>
    <property name="java.version.date" value="2020-07-14"/>
    <property name="java.home" value="C:\Program Files\AdoptOpenJDK\jdk-11.0.8.10-hotspot"/>
    <property name="file.separator" value="\"/>
    <property name="basedir" value="C:\Users\olegs\automationFramework"/>
    <property name="java.vm.compressedOopsMode" value="Zero based"/>
    <property name="line.separator" value="&#10;"/>
    <property name="java.specification.name" value="Java Platform API Specification"/>
    <property name="java.vm.specification.vendor" value="Oracle Corporation"/>
    <property name="java.awt.graphicsenv" value="sun.awt.Win32GraphicsEnvironment"/>
    <property name="surefire.real.class.path" value="C:\Users\olegs\AppData\Local\Temp\surefire5551064528638479668\surefirebooter1088570385790577664.jar"/>
    <property name="user.script" value=""/>
    <property name="sun.management.compiler" value="HotSpot 64-Bit Tiered Compilers"/>
    <property name="java.runtime.version" value="11.0.8+10"/>
    <property name="user.name" value="olegs"/>
    <property name="path.separator" value=";"/>
    <property name="os.version" value="10.0"/>
    <property name="java.runtime.name" value="OpenJDK Runtime Environment"/>
    <property name="file.encoding" value="Cp1252"/>
    <property name="browser" value="chrome"/>
    <property name="java.vm.name" value="OpenJDK 64-Bit Server VM"/>
    <property name="java.vendor.version" value="AdoptOpenJDK"/>
    <property name="localRepository" value="C:\Users\olegs\.m2\repository"/>
    <property name="java.vendor.url.bug" value="https://github.com/AdoptOpenJDK/openjdk-support/issues"/>
    <property name="java.io.tmpdir" value="C:\Users\olegs\AppData\Local\Temp\"/>
    <property name="java.version" value="11.0.8"/>
    <property name="user.dir" value="C:\Users\olegs\automationFramework"/>
    <property name="os.arch" value="amd64"/>
    <property name="java.vm.specification.name" value="Java Virtual Machine Specification"/>
    <property name="java.awt.printerjob" value="sun.awt.windows.WPrinterJob"/>
    <property name="sun.os.patch.level" value=""/>
    <property name="java.library.path" value="C:\Program Files\AdoptOpenJDK\jdk-11.0.8.10-hotspot\bin;C:\WINDOWS\Sun\Java\bin;C:\WINDOWS\system32;C:\WINDOWS;C:\Program Files\AdoptOpenJDK\jdk-11.0.8.10-hotspot\bin;C:\Python39\Scripts\;C:\Python39\;C:\Program Files (x86)\Intel\iCLS Client\;C:\Program Files\Intel\iCLS Client\;C:\WINDOWS\system32;C:\WINDOWS;C:\WINDOWS\System32\Wbem;C:\WINDOWS\System32\WindowsPowerShell\v1.0\;C:\WINDOWS\System32\OpenSSH\;C:\Program Files\Intel\WiFi\bin\;C:\Program Files\Common Files\Intel\WirelessCommon\;C:\Program Files (x86)\Intel\Intel(R) Management Engine Components\DAL;C:\Program Files\Intel\Intel(R) Management Engine Components\DAL;C:\Program Files (x86)\Intel\Intel(R) Management Engine Components\IPT;C:\Program Files\Intel\Intel(R) Management Engine Components\IPT;C:\Program Files\dotnet\;C:\ProgramData\chocolatey\bin;C:\Program Files\OpenJDK\jdk-14.0.2\bin;C:\ProgramData\chocolatey\lib\maven\apache-maven-3.6.3\bin;C:\Program Files\nodejs\;C:\Program Files\Git\cmd;C:\Users\olegs\AppData\Local\Programs\Python\Python38-32\Scripts\;C:\Users\olegs\AppData\Local\Programs\Python\Python38-32\;C:\Users\olegs\AppData\Local\Microsoft\WindowsApps;C:\Users\olegs\AppData\Local\Programs\Microsoft VS Code\bin;C:\Users\olegs\AppData\Roaming\npm;C:\Users\olegs\AppData\Local\GitHubDesktop\bin;."/>
    <property name="java.vm.info" value="mixed mode"/>
    <property name="java.vendor" value="AdoptOpenJDK"/>
    <property name="java.vm.version" value="11.0.8+10"/>
    <property name="sun.io.unicode.encoding" value="UnicodeLittle"/>
    <property name="java.class.version" value="55.0"/>
  </properties>
  <testcase name="runScenario[&quot;Default login from the home page&quot;, &quot;Optional[Site Login]&quot;](1)" classname="cucumberOptions.TestRunner" time="19.085">
    <system-out><![CDATA[2020-11-05 10:40:08,756 TestNG-tests-1 DEBUG Apache Log4j Core 2.13.3 initializing configuration XmlConfiguration[location=C:\Users\olegs\automationFramework\target\classes\log4j2.xml]
2020-11-05 10:40:08,775 TestNG-tests-1 DEBUG Installed 1 script engine
2020-11-05 10:40:09,115 TestNG-tests-1 DEBUG Oracle Nashorn version: 11.0.8, language: ECMAScript, threading: Not Thread Safe, compile: true, names: [nashorn, Nashorn, js, JS, JavaScript, javascript, ECMAScript, ecmascript], factory class: jdk.nashorn.api.scripting.NashornScriptEngineFactory
2020-11-05 10:40:09,128 TestNG-tests-1 DEBUG PluginManager 'Core' found 122 plugins
2020-11-05 10:40:09,128 TestNG-tests-1 DEBUG PluginManager 'Level' found 0 plugins
2020-11-05 10:40:09,133 TestNG-tests-1 DEBUG Building Plugin[name=property, class=org.apache.logging.log4j.core.config.Property].
2020-11-05 10:40:09,141 TestNG-tests-1 TRACE TypeConverterRegistry initializing.
2020-11-05 10:40:09,141 TestNG-tests-1 DEBUG PluginManager 'TypeConverter' found 26 plugins
2020-11-05 10:40:09,152 TestNG-tests-1 DEBUG createProperty(name="basePath", value="./logs")
2020-11-05 10:40:09,152 TestNG-tests-1 DEBUG Building Plugin[name=properties, class=org.apache.logging.log4j.core.config.PropertiesPlugin].
2020-11-05 10:40:09,164 TestNG-tests-1 DEBUG configureSubstitutor(={basePath=./logs}, Configuration(C:\Users\olegs\automationFramework\target\classes\log4j2.xml))
2020-11-05 10:40:09,168 TestNG-tests-1 DEBUG PluginManager 'Lookup' found 16 plugins
2020-11-05 10:40:09,170 TestNG-tests-1 DEBUG Building Plugin[name=layout, class=org.apache.logging.log4j.core.layout.PatternLayout].
2020-11-05 10:40:09,176 TestNG-tests-1 DEBUG PatternLayout$Builder(pattern="%d{HH:mm:ss.SSS} [%t] %-5level %logger{36} - %msg%n", PatternSelector=null, Configuration(C:\Users\olegs\automationFramework\target\classes\log4j2.xml), Replace=null, charset="null", alwaysWriteExceptions="null", disableAnsi="null", noConsoleNoAnsi="null", header="null", footer="null")
2020-11-05 10:40:09,176 TestNG-tests-1 DEBUG PluginManager 'Converter' found 44 plugins
2020-11-05 10:40:09,176 TestNG-tests-1 DEBUG Building Plugin[name=SizeBasedTriggeringPolicy, class=org.apache.logging.log4j.core.appender.rolling.SizeBasedTriggeringPolicy].
2020-11-05 10:40:09,176 TestNG-tests-1 DEBUG createPolicy(size="5000")
2020-11-05 10:40:09,176 TestNG-tests-1 DEBUG Building Plugin[name=appender, class=org.apache.logging.log4j.core.appender.RollingFileAppender].
2020-11-05 10:40:09,196 TestNG-tests-1 DEBUG RollingFileAppender$Builder(fileName="./logs/prints.log", filePattern="./logs/prints-%d{yyyy-MM-dd}.log", append="null", locking="null", SizeBasedTriggeringPolicy(SizeBasedTriggeringPolicy(size=5000)), Strategy=null, advertise="null", advertiseUri="null", createOnDemand="null", filePermissions="null", fileOwner="null", fileGroup="null", bufferedIo="null", bufferSize="null", immediateFlush="null", ignoreExceptions="null", PatternLayout(%d{HH:mm:ss.SSS} [%t] %-5level %logger{36} - %msg%n), name="File", Configuration(C:\Users\olegs\automationFramework\target\classes\log4j2.xml), Filter=null, ={})
2020-11-05 10:40:09,201 TestNG-tests-1 TRACE New file './logs/prints.log' created = false
2020-11-05 10:40:09,201 TestNG-tests-1 DEBUG Returning file creation time for C:\Users\olegs\automationFramework\.\logs\prints.log
2020-11-05 10:40:09,201 TestNG-tests-1 DEBUG Starting RollingFileManager ./logs/prints.log
2020-11-05 10:40:09,213 TestNG-tests-1 DEBUG PluginManager 'FileConverter' found 2 plugins
2020-11-05 10:40:09,227 TestNG-tests-1 DEBUG Setting prev file time to 2020-10-16T15:07:52.580+0300
2020-11-05 10:40:09,237 TestNG-tests-1 DEBUG Initializing triggering policy SizeBasedTriggeringPolicy(size=5000)
2020-11-05 10:40:09,237 TestNG-tests-1 DEBUG Building Plugin[name=layout, class=org.apache.logging.log4j.core.layout.PatternLayout].
2020-11-05 10:40:09,238 TestNG-tests-1 DEBUG PatternLayout$Builder(pattern="%d{HH:mm:ss.SSS} [%t] %-5level %logger{36} - %msg%n", PatternSelector=null, Configuration(C:\Users\olegs\automationFramework\target\classes\log4j2.xml), Replace=null, charset="null", alwaysWriteExceptions="null", disableAnsi="null", noConsoleNoAnsi="null", header="null", footer="null")
2020-11-05 10:40:09,238 TestNG-tests-1 DEBUG Building Plugin[name=appender, class=org.apache.logging.log4j.core.appender.ConsoleAppender].
2020-11-05 10:40:09,242 TestNG-tests-1 DEBUG ConsoleAppender$Builder(target="SYSTEM_OUT", follow="null", direct="null", bufferedIo="null", bufferSize="null", immediateFlush="null", ignoreExceptions="null", PatternLayout(%d{HH:mm:ss.SSS} [%t] %-5level %logger{36} - %msg%n), name="Console", Configuration(C:\Users\olegs\automationFramework\target\classes\log4j2.xml), Filter=null, ={})
2020-11-05 10:40:09,245 TestNG-tests-1 DEBUG Starting OutputStreamManager SYSTEM_OUT.false.false
2020-11-05 10:40:09,245 TestNG-tests-1 DEBUG Building Plugin[name=appenders, class=org.apache.logging.log4j.core.config.AppendersPlugin].
2020-11-05 10:40:09,246 TestNG-tests-1 DEBUG createAppenders(={File, Console})
2020-11-05 10:40:09,247 TestNG-tests-1 DEBUG Building Plugin[name=AppenderRef, class=org.apache.logging.log4j.core.config.AppenderRef].
2020-11-05 10:40:09,247 TestNG-tests-1 DEBUG createAppenderRef(ref="Console", level="null", Filter=null)
2020-11-05 10:40:09,248 TestNG-tests-1 DEBUG Building Plugin[name=root, class=org.apache.logging.log4j.core.config.LoggerConfig$RootLogger].
2020-11-05 10:40:09,248 TestNG-tests-1 DEBUG createLogger(additivity="null", level="INFO", includeLocation="null", ={Console}, ={}, Configuration(C:\Users\olegs\automationFramework\target\classes\log4j2.xml), Filter=null)
2020-11-05 10:40:09,251 TestNG-tests-1 DEBUG Building Plugin[name=loggers, class=org.apache.logging.log4j.core.config.LoggersPlugin].
2020-11-05 10:40:09,251 TestNG-tests-1 DEBUG createLoggers(={root})
2020-11-05 10:40:09,251 TestNG-tests-1 DEBUG Configuration XmlConfiguration[location=C:\Users\olegs\automationFramework\target\classes\log4j2.xml] initialized
2020-11-05 10:40:09,251 TestNG-tests-1 DEBUG Starting configuration XmlConfiguration[location=C:\Users\olegs\automationFramework\target\classes\log4j2.xml]
2020-11-05 10:40:09,254 TestNG-tests-1 DEBUG Started configuration XmlConfiguration[location=C:\Users\olegs\automationFramework\target\classes\log4j2.xml] OK.
2020-11-05 10:40:09,255 TestNG-tests-1 TRACE Stopping org.apache.logging.log4j.core.config.DefaultConfiguration@209cd378...
2020-11-05 10:40:09,255 TestNG-tests-1 TRACE DefaultConfiguration notified 1 ReliabilityStrategies that config will be stopped.
2020-11-05 10:40:09,256 TestNG-tests-1 TRACE DefaultConfiguration stopping root LoggerConfig.
2020-11-05 10:40:09,256 TestNG-tests-1 TRACE DefaultConfiguration notifying ReliabilityStrategies that appenders will be stopped.
2020-11-05 10:40:09,257 TestNG-tests-1 TRACE DefaultConfiguration stopping remaining Appenders.
2020-11-05 10:40:09,257 TestNG-tests-1 DEBUG Shutting down OutputStreamManager SYSTEM_OUT.false.false-1
2020-11-05 10:40:09,258 TestNG-tests-1 DEBUG OutputStream closed
2020-11-05 10:40:09,258 TestNG-tests-1 DEBUG Shut down OutputStreamManager SYSTEM_OUT.false.false-1, all resources released: true
2020-11-05 10:40:09,259 TestNG-tests-1 DEBUG Appender DefaultConsole-1 stopped with status true
2020-11-05 10:40:09,259 TestNG-tests-1 TRACE DefaultConfiguration stopped 1 remaining Appenders.
2020-11-05 10:40:09,259 TestNG-tests-1 TRACE DefaultConfiguration cleaning Appenders from 1 LoggerConfigs.
2020-11-05 10:40:09,261 TestNG-tests-1 DEBUG Stopped org.apache.logging.log4j.core.config.DefaultConfiguration@209cd378 OK
2020-11-05 10:40:09,333 TestNG-tests-1 TRACE Reregistering MBeans after reconfigure. Selector=org.apache.logging.log4j.core.selector.ClassLoaderContextSelector@30970527
2020-11-05 10:40:09,336 TestNG-tests-1 TRACE Reregistering context (1/1): '30946e09' org.apache.logging.log4j.core.LoggerContext@465fad12
2020-11-05 10:40:09,336 TestNG-tests-1 TRACE Unregistering but no MBeans found matching 'org.apache.logging.log4j2:type=30946e09'
2020-11-05 10:40:09,337 TestNG-tests-1 TRACE Unregistering but no MBeans found matching 'org.apache.logging.log4j2:type=30946e09,component=StatusLogger'
2020-11-05 10:40:09,337 TestNG-tests-1 TRACE Unregistering but no MBeans found matching 'org.apache.logging.log4j2:type=30946e09,component=ContextSelector'
2020-11-05 10:40:09,337 TestNG-tests-1 TRACE Unregistering but no MBeans found matching 'org.apache.logging.log4j2:type=30946e09,component=Loggers,name=*'
2020-11-05 10:40:09,338 TestNG-tests-1 TRACE Unregistering but no MBeans found matching 'org.apache.logging.log4j2:type=30946e09,component=Appenders,name=*'
2020-11-05 10:40:09,338 TestNG-tests-1 TRACE Unregistering but no MBeans found matching 'org.apache.logging.log4j2:type=30946e09,component=AsyncAppenders,name=*'
2020-11-05 10:40:09,338 TestNG-tests-1 TRACE Unregistering but no MBeans found matching 'org.apache.logging.log4j2:type=30946e09,component=AsyncLoggerRingBuffer'
2020-11-05 10:40:09,339 TestNG-tests-1 TRACE Unregistering but no MBeans found matching 'org.apache.logging.log4j2:type=30946e09,component=Loggers,name=*,subtype=RingBuffer'
2020-11-05 10:40:09,341 TestNG-tests-1 DEBUG Registering MBean org.apache.logging.log4j2:type=30946e09
2020-11-05 10:40:09,345 TestNG-tests-1 DEBUG Registering MBean org.apache.logging.log4j2:type=30946e09,component=StatusLogger
2020-11-05 10:40:09,346 TestNG-tests-1 DEBUG Registering MBean org.apache.logging.log4j2:type=30946e09,component=ContextSelector
2020-11-05 10:40:09,349 TestNG-tests-1 DEBUG Registering MBean org.apache.logging.log4j2:type=30946e09,component=Loggers,name=
2020-11-05 10:40:09,351 TestNG-tests-1 DEBUG Registering MBean org.apache.logging.log4j2:type=30946e09,component=Appenders,name=Console
2020-11-05 10:40:09,352 TestNG-tests-1 DEBUG Registering MBean org.apache.logging.log4j2:type=30946e09,component=Appenders,name=File
2020-11-05 10:40:09,355 TestNG-tests-1 TRACE Using default SystemClock for timestamps.
2020-11-05 10:40:09,355 TestNG-tests-1 DEBUG org.apache.logging.log4j.core.util.SystemClock supports precise timestamps.
2020-11-05 10:40:09,356 TestNG-tests-1 TRACE Using DummyNanoClock for nanosecond timestamps.
2020-11-05 10:40:09,356 TestNG-tests-1 DEBUG Reconfiguration complete for context[name=30946e09] at URI C:\Users\olegs\automationFramework\target\classes\log4j2.xml (org.apache.logging.log4j.core.LoggerContext@465fad12) with optional ClassLoader: null
2020-11-05 10:40:09,356 TestNG-tests-1 DEBUG Shutdown hook enabled. Registering a new one.
2020-11-05 10:40:09,356 TestNG-tests-1 DEBUG LoggerContext[name=30946e09, org.apache.logging.log4j.core.LoggerContext@465fad12] started OK.
10:40:17.524 [TestNG-tests-1] INFO  stepDefinitions.LoginStepDefinition - Driver was initialized
10:40:19.934 [TestNG-tests-1] INFO  stepDefinitions.LoginStepDefinition - Homepage was loaded successfully
10:40:21.932 [TestNG-tests-1] INFO  stepDefinitions.LoginStepDefinition - Popup window was closed
10:40:24.586 [TestNG-tests-1] INFO  stepDefinitions.LoginStepDefinition - Typed login and password and clicked on Login button
10:40:24.586 [TestNG-tests-1] INFO  stepDefinitions.LoginStepDefinition - Username: oleg.statnii@automall.md
10:40:25.008 [TestNG-tests-1] INFO  stepDefinitions.LoginStepDefinition - Popup window was closed
10:40:25.078 [TestNG-tests-1] INFO  stepDefinitions.LoginStepDefinition - User is successfully logged in
10:40:25.124 [TestNG-tests-1] INFO  stepDefinitions.LoginStepDefinition - The UserID of the logged user is correct: 28673
]]></system-out>
    <system-err><![CDATA[Warning: Nashorn engine is planned to be removed from a future JDK release
Starting ChromeDriver 86.0.4240.22 (398b0743353ff36fb1b82468f63a3a93b4e2e89e-refs/branch-heads/4240@{#378}) on port 15059
Only local connections are allowed.
Please see https://chromedriver.chromium.org/security-considerations for suggestions on keeping ChromeDriver safe.
ChromeDriver was started successfully.
????. 05, 2020 10:40:15 AM org.openqa.selenium.remote.ProtocolHandshake createSession
INFO: Detected dialect: W3C
]]></system-err>
  </testcase>
</testsuite>