<?xml version="1.0" encoding="UTF-8"?>
<!-- Generated by org.testng.reporters.JUnitReportReporter -->
<testsuite hostname="DESKTOP-JE258N5" failures="0" tests="1" name="cucumberOptions.TestRunner" time="18.081" errors="0" timestamp="2020-11-05T10:40:27 EET" skipped="0">
  <testcase classname="cucumberOptions.TestRunner" name="runScenario" time="18.081"/>
  <system-out/>
</testsuite> <!-- cucumberOptions.TestRunner -->
