<?xml version="1.0" encoding="UTF-8"?>
<!-- Generated by org.testng.reporters.JUnitReportReporter -->
<testsuite hostname="DESKTOP-JE258N5" failures="0" tests="2" name="com.automationproject.AMHomePageTest" time="4.052" errors="0" timestamp="2020-11-04T13:53:45 EET" skipped="0">
  <testcase classname="com.automationproject.AMHomePageTest" name="amHomePageTitleTest" time="1.047"/>
  <system-out/>
  <testcase classname="com.automationproject.AMHomePageTest" name="amHomePageLanguageChangeTest" time="3.005"/>
  <system-out/>
</testsuite> <!-- com.automationproject.AMHomePageTest -->
