<?xml version="1.0" encoding="UTF-8"?>
<!-- Generated by org.testng.reporters.JUnitReportReporter -->
<testsuite hostname="DESKTOP-JE258N5" failures="0" tests="1" name="cucumberOptions.TestRunner" time="13.405" errors="0" timestamp="2020-11-07T19:50:34 EET" skipped="0">
  <testcase classname="cucumberOptions.TestRunner" name="runScenario" time="13.405"/>
  <system-out/>
</testsuite> <!-- cucumberOptions.TestRunner -->
