<?xml version="1.0" encoding="UTF-8"?>
<!-- Generated by org.testng.reporters.JUnitReportReporter -->
<testsuite hostname="DESKTOP-JE258N5" failures="0" tests="2" name="com.automationproject.AMHomePageTest" time="3.844" errors="0" timestamp="2020-10-19T15:11:28 EEST" skipped="0">
  <testcase classname="com.automationproject.AMHomePageTest" name="amHomePageLanguageChangeTest" time="2.849"/>
  <system-out/>
  <testcase classname="com.automationproject.AMHomePageTest" name="amHomePageTitleTest" time="0.995"/>
  <system-out/>
</testsuite> <!-- com.automationproject.AMHomePageTest -->
