<?xml version="1.0" encoding="UTF-8"?>
<!-- Generated by org.testng.reporters.JUnitReportReporter -->
<testsuite hostname="DESKTOP-JE258N5" failures="0" tests="2" name="com.automationproject.AMHomePageTest" time="4.068" errors="0" timestamp="2020-10-21T16:31:58 EEST" skipped="0">
  <testcase classname="com.automationproject.AMHomePageTest" name="amHomePageLanguageChangeTest" time="3.388"/>
  <system-out/>
  <testcase classname="com.automationproject.AMHomePageTest" name="amHomePageTitleTest" time="0.680"/>
  <system-out/>
</testsuite> <!-- com.automationproject.AMHomePageTest -->
